<?xml version="1.0" encoding="UTF-8"?>
<!-- Generated by org.testng.reporters.JUnitReportReporter -->
<testsuite skipped="0" hostname="LAPTOP-EO6ISG71" name="GURU99.KICKOFF.Login" tests="1" failures="0" timestamp="04 Aug 2020 14:29:42 GMT" time="1.319" errors="0">
  <testcase name="loginTest" time="1.319" classname="GURU99.KICKOFF.Login"/>
</testsuite> <!-- GURU99.KICKOFF.Login -->
